c:\users\ivica\desktop\rad\opengl\mywork\gedit11\gedit\x64\debug\vc142.pdb
c:\users\ivica\desktop\rad\opengl\mywork\gedit11\gedit\x64\debug\vc142.idb
c:\users\ivica\desktop\rad\opengl\mywork\gedit11\gedit\x64\debug\window.obj
c:\users\ivica\desktop\rad\opengl\mywork\gedit11\gedit\x64\debug\utils.obj
c:\users\ivica\desktop\rad\opengl\mywork\gedit11\gedit\x64\debug\text_renderer.obj
c:\users\ivica\desktop\rad\opengl\mywork\gedit11\gedit\x64\debug\texture.obj
c:\users\ivica\desktop\rad\opengl\mywork\gedit11\gedit\x64\debug\stb_image.obj
c:\users\ivica\desktop\rad\opengl\mywork\gedit11\gedit\x64\debug\stb_image_write.obj
c:\users\ivica\desktop\rad\opengl\mywork\gedit11\gedit\x64\debug\shader.obj
c:\users\ivica\desktop\rad\opengl\mywork\gedit11\gedit\x64\debug\scene.obj
c:\users\ivica\desktop\rad\opengl\mywork\gedit11\gedit\x64\debug\resource_manager.obj
c:\users\ivica\desktop\rad\opengl\mywork\gedit11\gedit\x64\debug\program.obj
c:\users\ivica\desktop\rad\opengl\mywork\gedit11\gedit\x64\debug\my_events.obj
c:\users\ivica\desktop\rad\opengl\mywork\gedit11\gedit\x64\debug\framebuf.obj
c:\users\ivica\desktop\rad\opengl\mywork\gedit11\gedit\x64\debug\dispatcher.obj
c:\users\ivica\desktop\rad\opengl\mywork\gedit11\gedit\x64\debug\debug.obj
c:\users\ivica\desktop\rad\opengl\mywork\gedit11\gedit\x64\debug\control.obj
c:\users\ivica\desktop\rad\opengl\mywork\gedit11\gedit\x64\debug\components.obj
c:\users\ivica\desktop\rad\opengl\mywork\gedit11\gedit\x64\debug\binding_manager.obj
c:\users\ivica\desktop\rad\opengl\mywork\gedit11\gedit\x64\debug\glad.obj
c:\users\ivica\desktop\rad\opengl\mywork\gedit11\gedit\x64\debug\gedit.ilk
c:\users\ivica\desktop\rad\opengl\mywork\gedit11\x64\debug\gedit.exe
c:\users\ivica\desktop\rad\opengl\mywork\gedit11\x64\debug\gedit.pdb
c:\users\ivica\desktop\rad\opengl\mywork\gedit11\gedit\x64\debug\gedit.tlog\cl.command.1.tlog
c:\users\ivica\desktop\rad\opengl\mywork\gedit11\gedit\x64\debug\gedit.tlog\cl.read.1.tlog
c:\users\ivica\desktop\rad\opengl\mywork\gedit11\gedit\x64\debug\gedit.tlog\cl.write.1.tlog
c:\users\ivica\desktop\rad\opengl\mywork\gedit11\gedit\x64\debug\gedit.tlog\link.command.1.tlog
c:\users\ivica\desktop\rad\opengl\mywork\gedit11\gedit\x64\debug\gedit.tlog\link.read.1.tlog
c:\users\ivica\desktop\rad\opengl\mywork\gedit11\gedit\x64\debug\gedit.tlog\link.write.1.tlog
